<?xml version="1.0" encoding="UTF-8"?>
<!-- Generated by org.testng.reporters.JUnitXMLReporter -->
<testsuite ignored="1" hostname="DESKTOP-6J3RIMT" failures="0" tests="6" name="Default test" time="8.622" errors="0" timestamp="2025-04-22T11:29:32 GMT+03:00">
  <testcase classname="codenboxautomationlab1.codenboxautomationlab1.AppTest" name="Dynamic_Dropdown" time="2.118"/>
  <testcase classname="codenboxautomationlab1.codenboxautomationlab1.AppTest" name="select_tag" time="0.101"/>
  <testcase classname="codenboxautomationlab1.codenboxautomationlab1.AppTest" name="select_tag" time="0.071"/>
  <testcase classname="codenboxautomationlab1.codenboxautomationlab1.AppTest" name="select_tag" time="0.07"/>
  <testcase classname="codenboxautomationlab1.codenboxautomationlab1.AppTest" name="select_tag" time="0.067"/>
  <testcase classname="codenboxautomationlab1.codenboxautomationlab1.AppTest" name="select_tag" time="0.056"/>
  <testcase classname="codenboxautomationlab1.codenboxautomationlab1.AppTest" name="RadioButton" time="0.0">
    <ignored/>
  </testcase> <!-- RadioButton -->
</testsuite> <!-- Default test -->
