<?xml version="1.0" encoding="UTF-8"?>
<testng-results ignored="1" total="7" passed="6" failed="0" skipped="0">
  <reporter-output>
  </reporter-output>
  <suite started-at="2025-04-22T11:29:23 GMT+03:00" name="Default suite" finished-at="2025-04-22T11:29:32 GMT+03:00" duration-ms="8622">
    <groups>
    </groups>
    <test started-at="2025-04-22T11:29:23 GMT+03:00" name="Default test" finished-at="2025-04-22T11:29:32 GMT+03:00" duration-ms="8622">
      <class name="codenboxautomationlab1.codenboxautomationlab1.AppTest">
        <test-method is-config="true" signature="mySetup()[pri:0, instance:codenboxautomationlab1.codenboxautomationlab1.AppTest@2c7b5824]" started-at="2025-04-22T11:29:23 GMT+03:00" name="mySetup" finished-at="2025-04-22T11:29:29 GMT+03:00" duration-ms="6102" status="PASS">
          <reporter-output>
          </reporter-output>
        </test-method> <!-- mySetup -->
        <test-method signature="Dynamic_Dropdown()[pri:0, instance:codenboxautomationlab1.codenboxautomationlab1.AppTest@2c7b5824]" started-at="2025-04-22T11:29:29 GMT+03:00" name="Dynamic_Dropdown" finished-at="2025-04-22T11:29:31 GMT+03:00" duration-ms="2118" status="PASS">
          <reporter-output>
          </reporter-output>
        </test-method> <!-- Dynamic_Dropdown -->
        <test-method signature="select_tag()[pri:0, instance:codenboxautomationlab1.codenboxautomationlab1.AppTest@2c7b5824]" started-at="2025-04-22T11:29:31 GMT+03:00" name="select_tag" finished-at="2025-04-22T11:29:31 GMT+03:00" duration-ms="101" status="PASS">
          <reporter-output>
          </reporter-output>
        </test-method> <!-- select_tag -->
        <test-method signature="select_tag()[pri:0, instance:codenboxautomationlab1.codenboxautomationlab1.AppTest@2c7b5824]" started-at="2025-04-22T11:29:31 GMT+03:00" name="select_tag" finished-at="2025-04-22T11:29:31 GMT+03:00" duration-ms="71" status="PASS">
          <reporter-output>
          </reporter-output>
        </test-method> <!-- select_tag -->
        <test-method signature="select_tag()[pri:0, instance:codenboxautomationlab1.codenboxautomationlab1.AppTest@2c7b5824]" started-at="2025-04-22T11:29:31 GMT+03:00" name="select_tag" finished-at="2025-04-22T11:29:31 GMT+03:00" duration-ms="70" status="PASS">
          <reporter-output>
          </reporter-output>
        </test-method> <!-- select_tag -->
        <test-method signature="select_tag()[pri:0, instance:codenboxautomationlab1.codenboxautomationlab1.AppTest@2c7b5824]" started-at="2025-04-22T11:29:31 GMT+03:00" name="select_tag" finished-at="2025-04-22T11:29:31 GMT+03:00" duration-ms="67" status="PASS">
          <reporter-output>
          </reporter-output>
        </test-method> <!-- select_tag -->
        <test-method signature="select_tag()[pri:0, instance:codenboxautomationlab1.codenboxautomationlab1.AppTest@2c7b5824]" started-at="2025-04-22T11:29:31 GMT+03:00" name="select_tag" finished-at="2025-04-22T11:29:32 GMT+03:00" duration-ms="56" status="PASS">
          <reporter-output>
          </reporter-output>
        </test-method> <!-- select_tag -->
      </class> <!-- codenboxautomationlab1.codenboxautomationlab1.AppTest -->
    </test> <!-- Default test -->
  </suite> <!-- Default suite -->
</testng-results>
